[20:31:04.560][INFO]: Successfully identified and loaded plugin botania:default
[20:31:04.565][INFO]: Successfully identified and loaded plugin jeitweaker:default
[20:31:04.583][INFO]: Successfully identified and loaded plugin crafttweaker:builtin
[20:31:04.585][INFO]: Successfully identified and loaded plugin crafttweaker:builtin_forge
[20:31:04.592][INFO]: Successfully identified and loaded plugin mekanism:crt_plugin
[20:31:04.594][INFO]: Successfully identified and loaded plugin immersiveengineering:ct_module
[20:31:05.988][INFO]: The following mods have explicit CraftTweaker support through the default plugin:
[20:31:05.990][INFO]: - 'armoreablemobs' at version '1.0.7'
[20:31:05.990][INFO]: - 'botania' at version '1.18.2-435'
[20:31:05.990][INFO]: - 'crafttweaker' at version '9.1.209'
[20:31:05.990][INFO]: - 'draconicevolution' at version '3.0.30.529'
[20:31:05.990][INFO]: - 'farmersdelight' at version '1.18.2-1.2.3'
[20:31:05.990][INFO]: - 'futurepack' at version '033.0.7544'
[20:31:05.990][INFO]: - 'gamestages' at version '8.1.3'
[20:31:05.990][INFO]: - 'immersiveengineering' at version '1.18.2-8.4.0-161'
[20:31:05.991][INFO]: - 'itemstages' at version '4.0.5'
[20:31:05.991][INFO]: - 'jeitweaker' at version '3.0.0.9'
[20:31:05.991][INFO]: - 'mekanism' at version '10.2.5'
[20:31:05.991][INFO]: - 'mysticalagriculture' at version '5.1.5'
[20:31:05.991][INFO]: - 'recipestages' at version '3.0.0.10'
[20:31:05.991][INFO]: - 'thermal' at version '9.2.2'
[20:31:05.991][INFO]: - 'thermal_foundation' at version '9.2.2'
[20:31:05.991][INFO]: - 'vampirism_integrations' at version '1.7.0-beta.1'
[20:31:06.843][WARN]: Attempting to register expansion for unknown type 'crafttweaker.api.tag.type.KnownTag<crafttweaker.api.item.MCItemDefinition>', carrying on anyways
[20:31:16.545][INFO]: Started loading scripts for loader 'mekanismcontent'
[20:31:16.843][INFO]: Compiling and executing scripts
[20:31:17.447][INFO]: Successfully initialized modules [mods, crafttweaker, expansions]
[20:31:17.538][INFO]: Execution for loader 'mekanismcontent' completed successfully
[20:31:17.538][INFO]: Registering 0 custom gases.
[20:31:17.546][INFO]: Registering 0 custom infuse types.
[20:31:17.557][INFO]: Registering 0 custom pigments.
[20:31:17.563][INFO]: Registering 0 custom robit skins.
[20:31:17.569][INFO]: Registering 0 custom slurries.
[20:31:32.935][INFO]: Started loading scripts for loader 'initialize'
[20:31:32.983][INFO]: Compiling and executing scripts
[20:31:32.986][INFO]: Successfully initialized modules [crafttweaker, expansions]
[20:31:32.999][INFO]: Execution for loader 'initialize' completed successfully
